<?xml version="1.0" encoding="UTF-8"?>
<!-- Generated by org.testng.reporters.JUnitXMLReporter -->
<testsuite ignored="0" hostname="LAPTOP-43J3MGE8" failures="1" tests="1" name="Default test(failed)" time="10.385" errors="0" timestamp="2023-03-31T20:26:10 IST">
  <testcase classname="com.ds.testLayer.LoginPageTest" name="verifyLoginTest" time="4.377">
    <failure type="java.lang.AssertionError" message="null">
      <![CDATA[java.lang.AssertionError: null
at com.ds.testLayer.LoginPageTest.verifyLoginTest(LoginPageTest.java:23)
at java.base/java.util.ArrayList.forEach(ArrayList.java:1511)
... Removed 27 stack frames]]>
    </failure>
  </testcase> <!-- verifyLoginTest -->
</testsuite> <!-- Default test(failed) -->
